<?xml version="1.0" encoding="UTF-8"?>
<!-- Generated by org.testng.reporters.JUnitXMLReporter -->
<testsuite ignored="9" hostname="Manish_PC" failures="0" tests="1" name="Default test" time="5.451" errors="0" timestamp="2025-07-07T13:03:42 IST">
  <testcase classname="tutorialsninja.tests.Search" name="verifySearchByUsingParentCategoryAndSearchInSubCategoriesOption" time="1.532"/>
  <testcase classname="tutorialsninja.tests.Search" name="verifySearchWithValidProduct" time="0.0">
    <ignored/>
  </testcase> <!-- verifySearchWithValidProduct -->
  <testcase classname="tutorialsninja.tests.Search" name="verifySearchingForProductUsingSomeTextInProductDescription" time="0.0">
    <ignored/>
  </testcase> <!-- verifySearchingForProductUsingSomeTextInProductDescription -->
  <testcase classname="tutorialsninja.tests.Search" name="verifySearchFieldsPlaceholders" time="0.0">
    <ignored/>
  </testcase> <!-- verifySearchFieldsPlaceholders -->
  <testcase classname="tutorialsninja.tests.Search" name="verifySearchingForProductUsingSearchCriteriaField" time="0.0">
    <ignored/>
  </testcase> <!-- verifySearchingForProductUsingSearchCriteriaField -->
  <testcase classname="tutorialsninja.tests.Search" name="verifySearchResultingInMultipleProducts" time="0.0">
    <ignored/>
  </testcase> <!-- verifySearchResultingInMultipleProducts -->
  <testcase classname="tutorialsninja.tests.Search" name="verifySearchWithoutEnteringAnyProduct" time="0.0">
    <ignored/>
  </testcase> <!-- verifySearchWithoutEnteringAnyProduct -->
  <testcase classname="tutorialsninja.tests.Search" name="verifySearchAfterLogin" time="0.0">
    <ignored/>
  </testcase> <!-- verifySearchAfterLogin -->
  <testcase classname="tutorialsninja.tests.Search" name="verifySearchWithNonExistingProduct" time="0.0">
    <ignored/>
  </testcase> <!-- verifySearchWithNonExistingProduct -->
  <testcase classname="tutorialsninja.tests.Search" name="verifySearchBySelectingSubCategory" time="0.0">
    <ignored/>
  </testcase> <!-- verifySearchBySelectingSubCategory -->
</testsuite> <!-- Default test -->
