<?xml version="1.0" encoding="UTF-8"?>
<!-- Generated by org.testng.reporters.JUnitXMLReporter -->
<testsuite ignored="0" hostname="Manish_PC" failures="0" tests="10" name="Test" time="102.137" errors="0" timestamp="2025-07-10T12:29:33 IST">
  <testcase classname="tutorialsninja.tests.Search" name="verifySearchWithValidProduct" time="1.329"/>
  <testcase classname="tutorialsninja.tests.Search" name="verifySearchWithNonExistingProduct" time="0.414"/>
  <testcase classname="tutorialsninja.tests.Search" name="verifySearchWithoutEnteringAnyProduct" time="0.374"/>
  <testcase classname="tutorialsninja.tests.Search" name="verifySearchAfterLogin" time="2.348"/>
  <testcase classname="tutorialsninja.tests.Search" name="verifySearchResultingInMultipleProducts" time="0.624"/>
  <testcase classname="tutorialsninja.tests.Search" name="verifySearchFieldsPlaceholders" time="0.361"/>
  <testcase classname="tutorialsninja.tests.Search" name="verifySearchingForProductUsingSearchCriteriaField" time="0.912"/>
  <testcase classname="tutorialsninja.tests.Search" name="verifySearchingForProductUsingSomeTextInProductDescription" time="1.513"/>
  <testcase classname="tutorialsninja.tests.Search" name="verifySearchBySelectingSubCategory" time="1.554"/>
  <testcase classname="tutorialsninja.tests.Search" name="verifySearchByUsingParentCategoryAndSearchInSubCategoriesOption" time="2.162"/>
</testsuite> <!-- Test -->
