<?xml version="1.0" encoding="UTF-8"?>
<!-- Generated by org.testng.reporters.JUnitXMLReporter -->
<testsuite ignored="0" hostname="Manish_PC" failures="0" tests="14" name="Test" time="119.072" errors="0" timestamp="2025-07-04T16:19:33 IST">
  <testcase classname="tutorialsninja.tests.Register" name="verifyRegisterAccout" time="1.955"/>
  <testcase classname="tutorialsninja.tests.Register" name="VerifyRegisterAccountwithAllFields" time="2.344"/>
  <testcase classname="tutorialsninja.tests.Register" name="verifyRegistringAccountWithoutFillFields" time="0.746"/>
  <testcase classname="tutorialsninja.tests.Register" name="verifyRegisteringAccountBySubscribingToNewsletter" time="2.588"/>
  <testcase classname="tutorialsninja.tests.Register" name="verifyRegisteringAccountBySayingNoToNewsletter" time="2.822"/>
  <testcase classname="tutorialsninja.tests.Register" name="verifyNavigatingToRegisterAccountUsingMultipleWay" time="1.51"/>
  <testcase classname="tutorialsninja.tests.Register" name="verifyRegisteringAccountByProvidingMismatchingPasswords" time="1.209"/>
  <testcase classname="tutorialsninja.tests.Register" name="verifyRegistringAccountUsingExistingEmail" time="1.169"/>
  <testcase classname="tutorialsninja.tests.Register" name="verifyRegisteringAccountUsingInvalidEmail" time="13.424"/>
  <testcase classname="tutorialsninja.tests.Register" name="verifyRegisterAccountByProvidingInvalidTelephoneNumber" time="6.902"/>
  <testcase classname="tutorialsninja.tests.Register" name="verifyRegisteringAccountUsingKeyboardKeys" time="21.076"/>
  <testcase classname="tutorialsninja.tests.Register" name="verifyPlaceHoldersOfTextFieldsInRegisterAccountPage" time="0.161"/>
  <testcase classname="tutorialsninja.tests.Register" name="verifyMandatoryFieldsSymbolAndColorInRegisterAccountPage" time="0.163"/>
  <testcase classname="tutorialsninja.tests.Register" name="verifyRegisteringAccountWithOnlySpaces" time="1.096"/>
</testsuite> <!-- Test -->
