<?xml version="1.0" encoding="UTF-8"?>
<testng-results ignored="9" total="10" passed="1" failed="0" skipped="0">
  <reporter-output>
  </reporter-output>
  <suite started-at="2025-07-07T13:03:36 IST" name="Default suite" finished-at="2025-07-07T13:03:42 IST" duration-ms="5451">
    <groups>
    </groups>
    <test started-at="2025-07-07T13:03:36 IST" name="Default test" finished-at="2025-07-07T13:03:42 IST" duration-ms="5451">
      <class name="tutorialsninja.tests.Search">
        <test-method is-config="true" signature="setup()[pri:0, instance:tutorialsninja.tests.Search@22555ebf]" started-at="2025-07-07T13:03:36 IST" name="setup" finished-at="2025-07-07T13:03:40 IST" duration-ms="3616" status="PASS">
          <reporter-output>
          </reporter-output>
        </test-method> <!-- setup -->
        <test-method signature="verifySearchByUsingParentCategoryAndSearchInSubCategoriesOption()[pri:10, instance:tutorialsninja.tests.Search@22555ebf]" started-at="2025-07-07T13:03:40 IST" name="verifySearchByUsingParentCategoryAndSearchInSubCategoriesOption" finished-at="2025-07-07T13:03:42 IST" duration-ms="1532" status="PASS">
          <reporter-output>
          </reporter-output>
        </test-method> <!-- verifySearchByUsingParentCategoryAndSearchInSubCategoriesOption -->
        <test-method is-config="true" signature="tearDown()[pri:0, instance:tutorialsninja.tests.Search@22555ebf]" started-at="2025-07-07T13:03:42 IST" name="tearDown" finished-at="2025-07-07T13:03:42 IST" duration-ms="237" status="PASS">
          <reporter-output>
          </reporter-output>
        </test-method> <!-- tearDown -->
      </class> <!-- tutorialsninja.tests.Search -->
    </test> <!-- Default test -->
  </suite> <!-- Default suite -->
</testng-results>
