<?xml version="1.0" encoding="UTF-8"?>
<!-- Generated by org.testng.reporters.JUnitXMLReporter -->
<testsuite ignored="0" hostname="Manish_PC" failures="0" tests="2" name="ChromeTests" time="45.608" errors="0" timestamp="2025-07-10T15:08:58 IST">
  <testcase classname="tutorialsninja.tests.Logout" name="verifyLoggingOutUsingMyAccountDropMenu" time="10.631"/>
  <testcase classname="tutorialsninja.tests.Login" name="verifyLoginWithValidCredentials" time="3.819"/>
</testsuite> <!-- ChromeTests -->
