<?xml version="1.0" encoding="UTF-8"?>
<!-- Generated by org.testng.reporters.JUnitXMLReporter -->
<testsuite ignored="0" hostname="Manish_PC" failures="0" tests="35" name="EdgeTests" time="283.343" errors="0" timestamp="2025-07-10T15:12:46 IST">
  <testcase classname="tutorialsninja.tests.Logout" name="verifyLoggingOutUsingMyAccountDropMenu" time="11.317"/>
  <testcase classname="tutorialsninja.tests.Login" name="verifyLoginWithValidCredentials" time="6.323"/>
  <testcase classname="tutorialsninja.tests.Register" name="verifyRegisterAccout" time="3.567"/>
  <testcase classname="tutorialsninja.tests.Search" name="verifySearchWithValidProduct" time="4.14"/>
  <testcase classname="tutorialsninja.tests.Logout" name="verifyLoggintOutUsingLogoutRightColumnOption" time="3.991"/>
  <testcase classname="tutorialsninja.tests.Login" name="verifyLoginWithInValidCredentials" time="1.593"/>
  <testcase classname="tutorialsninja.tests.Search" name="verifySearchWithNonExistingProduct" time="0.836"/>
  <testcase classname="tutorialsninja.tests.Register" name="VerifyRegisterAccountwithAllFields" time="2.738"/>
  <testcase classname="tutorialsninja.tests.Logout" name="verifyLoggingOutAndBrowingBack" time="3.601"/>
  <testcase classname="tutorialsninja.tests.Login" name="verifyLoginWithInValidEmailAndValidPassword" time="1.135"/>
  <testcase classname="tutorialsninja.tests.Search" name="verifySearchWithoutEnteringAnyProduct" time="0.501"/>
  <testcase classname="tutorialsninja.tests.Login" name="verifyLoginWithValidEmailAndInValidPassword" time="1.151"/>
  <testcase classname="tutorialsninja.tests.Register" name="verifyRegistringAccountWithoutFillFields" time="0.746"/>
  <testcase classname="tutorialsninja.tests.Search" name="verifySearchAfterLogin" time="2.411"/>
  <testcase classname="tutorialsninja.tests.Logout" name="verifyThereIsNoLogoutOptionBeforeLogin" time="5.321"/>
  <testcase classname="tutorialsninja.tests.Login" name="verifyLoginWithoutCredentials" time="0.848"/>
  <testcase classname="tutorialsninja.tests.Register" name="verifyRegisteringAccountBySubscribingToNewsletter" time="4.555"/>
  <testcase classname="tutorialsninja.tests.Search" name="verifySearchResultingInMultipleProducts" time="0.78"/>
  <testcase classname="tutorialsninja.tests.Logout" name="verifyThereIsNoRightColumnLogoutOptionBeforeLogin" time="6.432"/>
  <testcase classname="tutorialsninja.tests.Login" name="verifyForgottenPasswordLinkOnLoginPage" time="0.739"/>
  <testcase classname="tutorialsninja.tests.Logout" name="verifyLoginAfterLogout" time="5.201"/>
  <testcase classname="tutorialsninja.tests.Register" name="verifyRegisteringAccountBySayingNoToNewsletter" time="3.47"/>
  <testcase classname="tutorialsninja.tests.Search" name="verifySearchFieldsPlaceholders" time="0.579"/>
  <testcase classname="tutorialsninja.tests.Logout" name="verifyBreadcrumbTitleHeadingAndURLOfAccountLogoutPage" time="2.914"/>
  <testcase classname="tutorialsninja.tests.Login" name="verifyLogginIntoTheApplicationUsingKeyboardKeys" time="7.15"/>
  <testcase classname="tutorialsninja.tests.Register" name="verifyNavigatingToRegisterAccountUsingMultipleWay" time="1.913"/>
  <testcase classname="tutorialsninja.tests.Search" name="verifySearchingForProductUsingSearchCriteriaField" time="1.332"/>
  <testcase classname="tutorialsninja.tests.Login" name="verifyLoginFieldsPlaceholders" time="0.21"/>
  <testcase classname="tutorialsninja.tests.Register" name="verifyRegisteringAccountByProvidingMismatchingPasswords" time="1.854"/>
  <testcase classname="tutorialsninja.tests.Search" name="verifySearchingForProductUsingSomeTextInProductDescription" time="1.185"/>
  <testcase classname="tutorialsninja.tests.Logout" name="verifyAccountLogoutFunctionality" time="3.448"/>
  <testcase classname="tutorialsninja.tests.Login" name="verifyBrowserBackAfterLogin" time="1.675"/>
  <testcase classname="tutorialsninja.tests.Register" name="verifyRegistringAccountUsingExistingEmail" time="1.678"/>
  <testcase classname="tutorialsninja.tests.Search" name="verifySearchBySelectingSubCategory" time="1.547"/>
  <testcase classname="tutorialsninja.tests.Login" name="verifyBrowserBackAfterLoggingOut" time="3.078"/>
</testsuite> <!-- EdgeTests -->
